<?xml version="1.0" encoding="UTF-8"?>
<testsuite xmlns:xsi="http://www.w3.org/2001/XMLSchema-instance" xsi:noNamespaceSchemaLocation="https://maven.apache.org/surefire/maven-failsafe-plugin/xsd/failsafe-test-report-3.0.xsd" version="3.0" name="pt.ulisboa.tecnico.sdis.zk.ZKNamingIT" time="46.957" tests="8" errors="0" skipped="0" failures="0">
  <properties>
[...]
</properties>
  <testcase name="testRebindLookup" classname="pt.ulisboa.tecnico.sdis.zk.ZKNamingIT" time="43.547">
    <system-out><![CDATA[Test properties:
{zk.host=localhost, zk.port=2181}
]]></system-out>
  </testcase>
  <testcase name="testDiffSubpath" classname="pt.ulisboa.tecnico.sdis.zk.ZKNamingIT" time="0.72"/>
  <testcase name="testRebindLookupChild" classname="pt.ulisboa.tecnico.sdis.zk.ZKNamingIT" time="0.356"/>
  <testcase name="testBindLookup" classname="pt.ulisboa.tecnico.sdis.zk.ZKNamingIT" time="0.345"/>
  <testcase name="test2Children" classname="pt.ulisboa.tecnico.sdis.zk.ZKNamingIT" time="0.686"/>
  <testcase name="testListRecords" classname="pt.ulisboa.tecnico.sdis.zk.ZKNamingIT" time="0.595"/>
  <testcase name="testBindLookupChild" classname="pt.ulisboa.tecnico.sdis.zk.ZKNamingIT" time="0.33"/>
  <testcase name="testRebindLookupRecord" classname="pt.ulisboa.tecnico.sdis.zk.ZKNamingIT" time="0.357"/>
</testsuite>