<?xml version="1.0" encoding="UTF-8"?>
<testsuite xmlns:xsi="http://www.w3.org/2001/XMLSchema-instance" xsi:noNamespaceSchemaLocation="https://maven.apache.org/surefire/maven-failsafe-plugin/xsd/failsafe-test-report-3.0.xsd" version="3.0" name="pt.ulisboa.tecnico.sdis.zk.ZKNamingIT" time="6.369" tests="8" errors="0" skipped="0" failures="0">
  <properties>
[...]
</properties>
  <testcase name="testRebindLookup" classname="pt.ulisboa.tecnico.sdis.zk.ZKNamingIT" time="0.71">
    <system-out><![CDATA[Test properties:
{zk.host=localhost, zk.port=2181}
]]></system-out>
  </testcase>
  <testcase name="testDiffSubpath" classname="pt.ulisboa.tecnico.sdis.zk.ZKNamingIT" time="2.127"/>
  <testcase name="testRebindLookupChild" classname="pt.ulisboa.tecnico.sdis.zk.ZKNamingIT" time="0.465"/>
  <testcase name="testBindLookup" classname="pt.ulisboa.tecnico.sdis.zk.ZKNamingIT" time="0.475"/>
  <testcase name="test2Children" classname="pt.ulisboa.tecnico.sdis.zk.ZKNamingIT" time="0.875"/>
  <testcase name="testListRecords" classname="pt.ulisboa.tecnico.sdis.zk.ZKNamingIT" time="0.82"/>
  <testcase name="testBindLookupChild" classname="pt.ulisboa.tecnico.sdis.zk.ZKNamingIT" time="0.398"/>
  <testcase name="testRebindLookupRecord" classname="pt.ulisboa.tecnico.sdis.zk.ZKNamingIT" time="0.454"/>
</testsuite>